08:24 17:00:14.000 [http-nio-9999-exec-7] DEBUG o.s.b.w.s.f.OrderedRequestContextFilter - Bound request context to thread: org.apache.catalina.connector.RequestFacade@1f1c2af
08:24 17:00:14.009 [http-nio-9999-exec-7] DEBUG s.d.s.w.PropertySourcedRequestMappingHandlerMapping - Looking up handler method for path /swagger-resources/configuration/ui
08:24 17:00:14.009 [http-nio-9999-exec-7] DEBUG s.d.s.w.PropertySourcedRequestMappingHandlerMapping - looking up handler for path: /swagger-resources/configuration/ui
08:24 17:00:14.010 [http-nio-9999-exec-7] DEBUG s.d.s.w.PropertySourcedRequestMappingHandlerMapping - Did not find handler method for [/swagger-resources/configuration/ui]
08:24 17:00:14.010 [http-nio-9999-exec-7] DEBUG o.s.b.a.e.w.s.WebMvcEndpointHandlerMapping - Looking up handler method for path /swagger-resources/configuration/ui
08:24 17:00:14.010 [http-nio-9999-exec-7] DEBUG o.s.b.a.e.w.s.WebMvcEndpointHandlerMapping - Did not find handler method for [/swagger-resources/configuration/ui]
08:24 17:00:14.010 [http-nio-9999-exec-7] DEBUG o.s.b.a.e.w.s.ControllerEndpointHandlerMapping - Looking up handler method for path /swagger-resources/configuration/ui
08:24 17:00:14.010 [http-nio-9999-exec-7] DEBUG o.s.b.a.e.w.s.ControllerEndpointHandlerMapping - Did not find handler method for [/swagger-resources/configuration/ui]
08:24 17:00:14.010 [http-nio-9999-exec-7] DEBUG o.s.w.s.m.m.a.RequestMappingHandlerMapping - Looking up handler method for path /swagger-resources/configuration/ui
08:24 17:00:14.010 [http-nio-9999-exec-7] DEBUG o.s.w.s.m.m.a.RequestMappingHandlerMapping - Returning handler method [public org.springframework.http.ResponseEntity<springfox.documentation.swagger.web.UiConfiguration> springfox.documentation.swagger.web.ApiResourceController.uiConfiguration()]
08:24 17:00:14.010 [http-nio-9999-exec-7] DEBUG o.s.b.f.s.DefaultListableBeanFactory - Returning cached instance of singleton bean 'apiResourceController'
08:24 17:00:14.011 [http-nio-9999-exec-7] DEBUG o.s.web.servlet.DispatcherServlet - DispatcherServlet with name 'dispatcherServlet' processing GET request for [/swagger-resources/configuration/ui]
08:24 17:00:14.011 [http-nio-9999-exec-7] DEBUG s.d.s.w.PropertySourcedRequestMappingHandlerMapping - Looking up handler method for path /swagger-resources/configuration/ui
08:24 17:00:14.011 [http-nio-9999-exec-7] DEBUG s.d.s.w.PropertySourcedRequestMappingHandlerMapping - looking up handler for path: /swagger-resources/configuration/ui
08:24 17:00:14.011 [http-nio-9999-exec-7] DEBUG s.d.s.w.PropertySourcedRequestMappingHandlerMapping - Did not find handler method for [/swagger-resources/configuration/ui]
08:24 17:00:14.011 [http-nio-9999-exec-7] DEBUG o.s.b.a.e.w.s.WebMvcEndpointHandlerMapping - Looking up handler method for path /swagger-resources/configuration/ui
08:24 17:00:14.011 [http-nio-9999-exec-7] DEBUG o.s.b.a.e.w.s.WebMvcEndpointHandlerMapping - Did not find handler method for [/swagger-resources/configuration/ui]
08:24 17:00:14.011 [http-nio-9999-exec-7] DEBUG o.s.b.a.e.w.s.ControllerEndpointHandlerMapping - Looking up handler method for path /swagger-resources/configuration/ui
08:24 17:00:14.011 [http-nio-9999-exec-7] DEBUG o.s.b.a.e.w.s.ControllerEndpointHandlerMapping - Did not find handler method for [/swagger-resources/configuration/ui]
08:24 17:00:14.011 [http-nio-9999-exec-7] DEBUG o.s.w.s.m.m.a.RequestMappingHandlerMapping - Looking up handler method for path /swagger-resources/configuration/ui
08:24 17:00:14.012 [http-nio-9999-exec-7] DEBUG o.s.w.s.m.m.a.RequestMappingHandlerMapping - Returning handler method [public org.springframework.http.ResponseEntity<springfox.documentation.swagger.web.UiConfiguration> springfox.documentation.swagger.web.ApiResourceController.uiConfiguration()]
08:24 17:00:14.012 [http-nio-9999-exec-7] DEBUG o.s.b.f.s.DefaultListableBeanFactory - Returning cached instance of singleton bean 'apiResourceController'
08:24 17:00:14.012 [http-nio-9999-exec-7] DEBUG o.s.web.servlet.DispatcherServlet - Last-Modified value for [/swagger-resources/configuration/ui] is: -1
08:24 17:00:14.013 [http-nio-9999-exec-7] DEBUG o.s.w.s.m.m.a.HttpEntityMethodProcessor - Written [springfox.documentation.swagger.web.UiConfiguration@36138b33] as "application/json" using [org.springframework.http.converter.json.MappingJackson2HttpMessageConverter@38394dee]
08:24 17:00:14.013 [http-nio-9999-exec-7] DEBUG o.s.web.servlet.DispatcherServlet - Null ModelAndView returned to DispatcherServlet with name 'dispatcherServlet': assuming HandlerAdapter completed request handling
08:24 17:00:14.013 [http-nio-9999-exec-7] DEBUG o.s.web.servlet.DispatcherServlet - Successfully completed request
08:24 17:00:14.014 [http-nio-9999-exec-7] DEBUG o.s.b.w.s.f.OrderedRequestContextFilter - Cleared thread-bound request context: org.apache.catalina.connector.RequestFacade@1f1c2af
08:24 17:00:14.122 [http-nio-9999-exec-9] DEBUG o.s.b.w.s.f.OrderedRequestContextFilter - Bound request context to thread: org.apache.catalina.connector.RequestFacade@1f1c2af
08:24 17:00:14.123 [http-nio-9999-exec-9] DEBUG s.d.s.w.PropertySourcedRequestMappingHandlerMapping - Looking up handler method for path /swagger-resources/configuration/security
08:24 17:00:14.124 [http-nio-9999-exec-9] DEBUG s.d.s.w.PropertySourcedRequestMappingHandlerMapping - looking up handler for path: /swagger-resources/configuration/security
08:24 17:00:14.124 [http-nio-9999-exec-9] DEBUG s.d.s.w.PropertySourcedRequestMappingHandlerMapping - Did not find handler method for [/swagger-resources/configuration/security]
08:24 17:00:14.124 [http-nio-9999-exec-9] DEBUG o.s.b.a.e.w.s.WebMvcEndpointHandlerMapping - Looking up handler method for path /swagger-resources/configuration/security
08:24 17:00:14.124 [http-nio-9999-exec-9] DEBUG o.s.b.a.e.w.s.WebMvcEndpointHandlerMapping - Did not find handler method for [/swagger-resources/configuration/security]
08:24 17:00:14.124 [http-nio-9999-exec-9] DEBUG o.s.b.a.e.w.s.ControllerEndpointHandlerMapping - Looking up handler method for path /swagger-resources/configuration/security
08:24 17:00:14.124 [http-nio-9999-exec-9] DEBUG o.s.b.a.e.w.s.ControllerEndpointHandlerMapping - Did not find handler method for [/swagger-resources/configuration/security]
08:24 17:00:14.124 [http-nio-9999-exec-9] DEBUG o.s.w.s.m.m.a.RequestMappingHandlerMapping - Looking up handler method for path /swagger-resources/configuration/security
08:24 17:00:14.124 [http-nio-9999-exec-9] DEBUG o.s.w.s.m.m.a.RequestMappingHandlerMapping - Returning handler method [public org.springframework.http.ResponseEntity<springfox.documentation.swagger.web.SecurityConfiguration> springfox.documentation.swagger.web.ApiResourceController.securityConfiguration()]
08:24 17:00:14.124 [http-nio-9999-exec-9] DEBUG o.s.b.f.s.DefaultListableBeanFactory - Returning cached instance of singleton bean 'apiResourceController'
08:24 17:00:14.125 [http-nio-9999-exec-9] DEBUG o.s.web.servlet.DispatcherServlet - DispatcherServlet with name 'dispatcherServlet' processing GET request for [/swagger-resources/configuration/security]
08:24 17:00:14.125 [http-nio-9999-exec-9] DEBUG s.d.s.w.PropertySourcedRequestMappingHandlerMapping - Looking up handler method for path /swagger-resources/configuration/security
08:24 17:00:14.125 [http-nio-9999-exec-9] DEBUG s.d.s.w.PropertySourcedRequestMappingHandlerMapping - looking up handler for path: /swagger-resources/configuration/security
08:24 17:00:14.125 [http-nio-9999-exec-9] DEBUG s.d.s.w.PropertySourcedRequestMappingHandlerMapping - Did not find handler method for [/swagger-resources/configuration/security]
08:24 17:00:14.125 [http-nio-9999-exec-9] DEBUG o.s.b.a.e.w.s.WebMvcEndpointHandlerMapping - Looking up handler method for path /swagger-resources/configuration/security
08:24 17:00:14.125 [http-nio-9999-exec-9] DEBUG o.s.b.a.e.w.s.WebMvcEndpointHandlerMapping - Did not find handler method for [/swagger-resources/configuration/security]
08:24 17:00:14.125 [http-nio-9999-exec-9] DEBUG o.s.b.a.e.w.s.ControllerEndpointHandlerMapping - Looking up handler method for path /swagger-resources/configuration/security
08:24 17:00:14.126 [http-nio-9999-exec-9] DEBUG o.s.b.a.e.w.s.ControllerEndpointHandlerMapping - Did not find handler method for [/swagger-resources/configuration/security]
08:24 17:00:14.126 [http-nio-9999-exec-9] DEBUG o.s.w.s.m.m.a.RequestMappingHandlerMapping - Looking up handler method for path /swagger-resources/configuration/security
08:24 17:00:14.126 [http-nio-9999-exec-9] DEBUG o.s.w.s.m.m.a.RequestMappingHandlerMapping - Returning handler method [public org.springframework.http.ResponseEntity<springfox.documentation.swagger.web.SecurityConfiguration> springfox.documentation.swagger.web.ApiResourceController.securityConfiguration()]
08:24 17:00:14.126 [http-nio-9999-exec-9] DEBUG o.s.b.f.s.DefaultListableBeanFactory - Returning cached instance of singleton bean 'apiResourceController'
08:24 17:00:14.127 [http-nio-9999-exec-9] DEBUG o.s.web.servlet.DispatcherServlet - Last-Modified value for [/swagger-resources/configuration/security] is: -1
08:24 17:00:14.128 [http-nio-9999-exec-9] DEBUG o.s.w.s.m.m.a.HttpEntityMethodProcessor - Written [springfox.documentation.swagger.web.SecurityConfiguration@30b41861] as "application/json" using [org.springframework.http.converter.json.MappingJackson2HttpMessageConverter@38394dee]
08:24 17:00:14.128 [http-nio-9999-exec-9] DEBUG o.s.web.servlet.DispatcherServlet - Null ModelAndView returned to DispatcherServlet with name 'dispatcherServlet': assuming HandlerAdapter completed request handling
08:24 17:00:14.128 [http-nio-9999-exec-9] DEBUG o.s.web.servlet.DispatcherServlet - Successfully completed request
08:24 17:00:14.129 [http-nio-9999-exec-9] DEBUG o.s.b.w.s.f.OrderedRequestContextFilter - Cleared thread-bound request context: org.apache.catalina.connector.RequestFacade@1f1c2af
08:24 17:00:14.226 [http-nio-9999-exec-10] DEBUG o.s.b.w.s.f.OrderedRequestContextFilter - Bound request context to thread: org.apache.catalina.connector.RequestFacade@1f1c2af
08:24 17:00:14.226 [http-nio-9999-exec-10] DEBUG s.d.s.w.PropertySourcedRequestMappingHandlerMapping - Looking up handler method for path /swagger-resources
08:24 17:00:14.227 [http-nio-9999-exec-10] DEBUG s.d.s.w.PropertySourcedRequestMappingHandlerMapping - looking up handler for path: /swagger-resources
08:24 17:00:14.227 [http-nio-9999-exec-10] DEBUG s.d.s.w.PropertySourcedRequestMappingHandlerMapping - Did not find handler method for [/swagger-resources]
08:24 17:00:14.227 [http-nio-9999-exec-10] DEBUG o.s.b.a.e.w.s.WebMvcEndpointHandlerMapping - Looking up handler method for path /swagger-resources
08:24 17:00:14.227 [http-nio-9999-exec-10] DEBUG o.s.b.a.e.w.s.WebMvcEndpointHandlerMapping - Did not find handler method for [/swagger-resources]
08:24 17:00:14.227 [http-nio-9999-exec-10] DEBUG o.s.b.a.e.w.s.ControllerEndpointHandlerMapping - Looking up handler method for path /swagger-resources
08:24 17:00:14.227 [http-nio-9999-exec-10] DEBUG o.s.b.a.e.w.s.ControllerEndpointHandlerMapping - Did not find handler method for [/swagger-resources]
08:24 17:00:14.227 [http-nio-9999-exec-10] DEBUG o.s.w.s.m.m.a.RequestMappingHandlerMapping - Looking up handler method for path /swagger-resources
08:24 17:00:14.227 [http-nio-9999-exec-10] DEBUG o.s.w.s.m.m.a.RequestMappingHandlerMapping - Returning handler method [public org.springframework.http.ResponseEntity<java.util.List<springfox.documentation.swagger.web.SwaggerResource>> springfox.documentation.swagger.web.ApiResourceController.swaggerResources()]
08:24 17:00:14.227 [http-nio-9999-exec-10] DEBUG o.s.b.f.s.DefaultListableBeanFactory - Returning cached instance of singleton bean 'apiResourceController'
08:24 17:00:14.228 [http-nio-9999-exec-10] DEBUG o.s.web.servlet.DispatcherServlet - DispatcherServlet with name 'dispatcherServlet' processing GET request for [/swagger-resources]
08:24 17:00:14.228 [http-nio-9999-exec-10] DEBUG s.d.s.w.PropertySourcedRequestMappingHandlerMapping - Looking up handler method for path /swagger-resources
08:24 17:00:14.228 [http-nio-9999-exec-10] DEBUG s.d.s.w.PropertySourcedRequestMappingHandlerMapping - looking up handler for path: /swagger-resources
08:24 17:00:14.228 [http-nio-9999-exec-10] DEBUG s.d.s.w.PropertySourcedRequestMappingHandlerMapping - Did not find handler method for [/swagger-resources]
08:24 17:00:14.228 [http-nio-9999-exec-10] DEBUG o.s.b.a.e.w.s.WebMvcEndpointHandlerMapping - Looking up handler method for path /swagger-resources
08:24 17:00:14.228 [http-nio-9999-exec-10] DEBUG o.s.b.a.e.w.s.WebMvcEndpointHandlerMapping - Did not find handler method for [/swagger-resources]
08:24 17:00:14.228 [http-nio-9999-exec-10] DEBUG o.s.b.a.e.w.s.ControllerEndpointHandlerMapping - Looking up handler method for path /swagger-resources
08:24 17:00:14.228 [http-nio-9999-exec-10] DEBUG o.s.b.a.e.w.s.ControllerEndpointHandlerMapping - Did not find handler method for [/swagger-resources]
08:24 17:00:14.228 [http-nio-9999-exec-10] DEBUG o.s.w.s.m.m.a.RequestMappingHandlerMapping - Looking up handler method for path /swagger-resources
08:24 17:00:14.228 [http-nio-9999-exec-10] DEBUG o.s.w.s.m.m.a.RequestMappingHandlerMapping - Returning handler method [public org.springframework.http.ResponseEntity<java.util.List<springfox.documentation.swagger.web.SwaggerResource>> springfox.documentation.swagger.web.ApiResourceController.swaggerResources()]
08:24 17:00:14.228 [http-nio-9999-exec-10] DEBUG o.s.b.f.s.DefaultListableBeanFactory - Returning cached instance of singleton bean 'apiResourceController'
08:24 17:00:14.228 [http-nio-9999-exec-10] DEBUG o.s.web.servlet.DispatcherServlet - Last-Modified value for [/swagger-resources] is: -1
08:24 17:00:14.229 [http-nio-9999-exec-10] DEBUG o.s.w.s.m.m.a.HttpEntityMethodProcessor - Written [[springfox.documentation.swagger.web.SwaggerResource@54743c05]] as "application/json" using [org.springframework.http.converter.json.MappingJackson2HttpMessageConverter@38394dee]
08:24 17:00:14.229 [http-nio-9999-exec-10] DEBUG o.s.web.servlet.DispatcherServlet - Null ModelAndView returned to DispatcherServlet with name 'dispatcherServlet': assuming HandlerAdapter completed request handling
08:24 17:00:14.229 [http-nio-9999-exec-10] DEBUG o.s.web.servlet.DispatcherServlet - Successfully completed request
08:24 17:00:14.230 [http-nio-9999-exec-10] DEBUG o.s.b.w.s.f.OrderedRequestContextFilter - Cleared thread-bound request context: org.apache.catalina.connector.RequestFacade@1f1c2af
08:24 17:00:14.394 [http-nio-9999-exec-8] DEBUG o.s.b.w.s.f.OrderedRequestContextFilter - Bound request context to thread: org.apache.catalina.connector.RequestFacade@1f1c2af
08:24 17:00:14.395 [http-nio-9999-exec-8] DEBUG s.d.s.w.PropertySourcedRequestMappingHandlerMapping - Looking up handler method for path /v2/api-docs
08:24 17:00:14.395 [http-nio-9999-exec-8] DEBUG s.d.s.w.PropertySourcedRequestMappingHandlerMapping - looking up handler for path: /v2/api-docs
08:24 17:00:14.395 [http-nio-9999-exec-8] DEBUG s.d.s.w.PropertySourcedRequestMappingHandlerMapping - Returning handler method [public org.springframework.http.ResponseEntity<springfox.documentation.spring.web.json.Json> springfox.documentation.swagger2.web.Swagger2Controller.getDocumentation(java.lang.String,javax.servlet.http.HttpServletRequest)]
08:24 17:00:14.395 [http-nio-9999-exec-8] DEBUG o.s.web.servlet.DispatcherServlet - DispatcherServlet with name 'dispatcherServlet' processing GET request for [/v2/api-docs]
08:24 17:00:14.395 [http-nio-9999-exec-8] DEBUG s.d.s.w.PropertySourcedRequestMappingHandlerMapping - Looking up handler method for path /v2/api-docs
08:24 17:00:14.395 [http-nio-9999-exec-8] DEBUG s.d.s.w.PropertySourcedRequestMappingHandlerMapping - looking up handler for path: /v2/api-docs
08:24 17:00:14.395 [http-nio-9999-exec-8] DEBUG s.d.s.w.PropertySourcedRequestMappingHandlerMapping - Returning handler method [public org.springframework.http.ResponseEntity<springfox.documentation.spring.web.json.Json> springfox.documentation.swagger2.web.Swagger2Controller.getDocumentation(java.lang.String,javax.servlet.http.HttpServletRequest)]
08:24 17:00:14.395 [http-nio-9999-exec-8] DEBUG o.s.web.servlet.DispatcherServlet - Last-Modified value for [/v2/api-docs] is: -1
08:24 17:00:14.413 [http-nio-9999-exec-8] DEBUG o.s.w.s.m.m.a.HttpEntityMethodProcessor - Written [springfox.documentation.spring.web.json.Json@1a07c17c] as "application/json" using [org.springframework.http.converter.json.MappingJackson2HttpMessageConverter@38394dee]
08:24 17:00:14.413 [http-nio-9999-exec-8] DEBUG o.s.web.servlet.DispatcherServlet - Null ModelAndView returned to DispatcherServlet with name 'dispatcherServlet': assuming HandlerAdapter completed request handling
08:24 17:00:14.413 [http-nio-9999-exec-8] DEBUG o.s.web.servlet.DispatcherServlet - Successfully completed request
08:24 17:00:14.414 [http-nio-9999-exec-8] DEBUG o.s.b.w.s.f.OrderedRequestContextFilter - Cleared thread-bound request context: org.apache.catalina.connector.RequestFacade@1f1c2af
08:24 17:00:14.442 [http-nio-9999-exec-1] DEBUG o.s.b.w.s.f.OrderedRequestContextFilter - Bound request context to thread: org.apache.catalina.connector.RequestFacade@1f1c2af
08:24 17:00:14.442 [http-nio-9999-exec-1] DEBUG s.d.s.w.PropertySourcedRequestMappingHandlerMapping - Looking up handler method for path /
08:24 17:00:14.442 [http-nio-9999-exec-1] DEBUG s.d.s.w.PropertySourcedRequestMappingHandlerMapping - looking up handler for path: /
08:24 17:00:14.442 [http-nio-9999-exec-1] DEBUG s.d.s.w.PropertySourcedRequestMappingHandlerMapping - Did not find handler method for [/]
08:24 17:00:14.442 [http-nio-9999-exec-1] DEBUG o.s.b.a.e.w.s.WebMvcEndpointHandlerMapping - Looking up handler method for path /
08:24 17:00:14.442 [http-nio-9999-exec-1] DEBUG o.s.b.a.e.w.s.WebMvcEndpointHandlerMapping - Did not find handler method for [/]
08:24 17:00:14.442 [http-nio-9999-exec-1] DEBUG o.s.b.a.e.w.s.ControllerEndpointHandlerMapping - Looking up handler method for path /
08:24 17:00:14.442 [http-nio-9999-exec-1] DEBUG o.s.b.a.e.w.s.ControllerEndpointHandlerMapping - Did not find handler method for [/]
08:24 17:00:14.442 [http-nio-9999-exec-1] DEBUG o.s.w.s.m.m.a.RequestMappingHandlerMapping - Looking up handler method for path /
08:24 17:00:14.443 [http-nio-9999-exec-1] DEBUG o.s.w.s.m.m.a.RequestMappingHandlerMapping - Did not find handler method for [/]
08:24 17:00:14.443 [http-nio-9999-exec-1] DEBUG o.s.w.s.h.SimpleUrlHandlerMapping - Matching patterns for request [/] are [/**]
08:24 17:00:14.443 [http-nio-9999-exec-1] DEBUG o.s.w.s.h.SimpleUrlHandlerMapping - URI Template variables for request [/] are {}
08:24 17:00:14.443 [http-nio-9999-exec-1] DEBUG o.s.w.s.h.SimpleUrlHandlerMapping - Mapping [/] to HandlerExecutionChain with handler [ResourceHttpRequestHandler [locations=[class path resource [META-INF/resources/], class path resource [resources/], class path resource [static/], class path resource [public/], ServletContext resource [/]], resolvers=[org.springframework.web.servlet.resource.PathResourceResolver@67ed8b3]]] and 1 interceptor
08:24 17:00:14.443 [http-nio-9999-exec-1] DEBUG o.s.web.servlet.DispatcherServlet - DispatcherServlet with name 'dispatcherServlet' processing GET request for [/]
08:24 17:00:14.443 [http-nio-9999-exec-1] DEBUG s.d.s.w.PropertySourcedRequestMappingHandlerMapping - Looking up handler method for path /
08:24 17:00:14.443 [http-nio-9999-exec-1] DEBUG s.d.s.w.PropertySourcedRequestMappingHandlerMapping - looking up handler for path: /
08:24 17:00:14.443 [http-nio-9999-exec-1] DEBUG s.d.s.w.PropertySourcedRequestMappingHandlerMapping - Did not find handler method for [/]
08:24 17:00:14.443 [http-nio-9999-exec-1] DEBUG o.s.b.a.e.w.s.WebMvcEndpointHandlerMapping - Looking up handler method for path /
08:24 17:00:14.444 [http-nio-9999-exec-1] DEBUG o.s.b.a.e.w.s.WebMvcEndpointHandlerMapping - Did not find handler method for [/]
08:24 17:00:14.444 [http-nio-9999-exec-1] DEBUG o.s.b.a.e.w.s.ControllerEndpointHandlerMapping - Looking up handler method for path /
08:24 17:00:14.444 [http-nio-9999-exec-1] DEBUG o.s.b.a.e.w.s.ControllerEndpointHandlerMapping - Did not find handler method for [/]
08:24 17:00:14.444 [http-nio-9999-exec-1] DEBUG o.s.w.s.m.m.a.RequestMappingHandlerMapping - Looking up handler method for path /
08:24 17:00:14.444 [http-nio-9999-exec-1] DEBUG o.s.w.s.m.m.a.RequestMappingHandlerMapping - Did not find handler method for [/]
08:24 17:00:14.444 [http-nio-9999-exec-1] DEBUG o.s.w.s.h.SimpleUrlHandlerMapping - Matching patterns for request [/] are [/**]
08:24 17:00:14.444 [http-nio-9999-exec-1] DEBUG o.s.w.s.h.SimpleUrlHandlerMapping - URI Template variables for request [/] are {}
08:24 17:00:14.444 [http-nio-9999-exec-1] DEBUG o.s.w.s.h.SimpleUrlHandlerMapping - Mapping [/] to HandlerExecutionChain with handler [ResourceHttpRequestHandler [locations=[class path resource [META-INF/resources/], class path resource [resources/], class path resource [static/], class path resource [public/], ServletContext resource [/]], resolvers=[org.springframework.web.servlet.resource.PathResourceResolver@67ed8b3]]] and 1 interceptor
08:24 17:00:14.445 [http-nio-9999-exec-1] DEBUG o.s.web.servlet.DispatcherServlet - Last-Modified value for [/] is: -1
08:24 17:00:14.445 [http-nio-9999-exec-1] DEBUG o.s.web.servlet.DispatcherServlet - Null ModelAndView returned to DispatcherServlet with name 'dispatcherServlet': assuming HandlerAdapter completed request handling
08:24 17:00:14.445 [http-nio-9999-exec-1] DEBUG o.s.web.servlet.DispatcherServlet - Successfully completed request
08:24 17:00:14.445 [http-nio-9999-exec-1] DEBUG o.s.b.w.s.f.OrderedRequestContextFilter - Cleared thread-bound request context: org.apache.catalina.connector.RequestFacade@1f1c2af
08:24 17:00:14.446 [http-nio-9999-exec-1] DEBUG o.s.web.servlet.DispatcherServlet - DispatcherServlet with name 'dispatcherServlet' processing GET request for [/error]
08:24 17:00:14.446 [http-nio-9999-exec-1] DEBUG s.d.s.w.PropertySourcedRequestMappingHandlerMapping - Looking up handler method for path /error
08:24 17:00:14.447 [http-nio-9999-exec-1] DEBUG s.d.s.w.PropertySourcedRequestMappingHandlerMapping - looking up handler for path: /error
08:24 17:00:14.447 [http-nio-9999-exec-1] DEBUG s.d.s.w.PropertySourcedRequestMappingHandlerMapping - Did not find handler method for [/error]
08:24 17:00:14.447 [http-nio-9999-exec-1] DEBUG o.s.b.a.e.w.s.WebMvcEndpointHandlerMapping - Looking up handler method for path /error
08:24 17:00:14.447 [http-nio-9999-exec-1] DEBUG o.s.b.a.e.w.s.WebMvcEndpointHandlerMapping - Did not find handler method for [/error]
08:24 17:00:14.447 [http-nio-9999-exec-1] DEBUG o.s.b.a.e.w.s.ControllerEndpointHandlerMapping - Looking up handler method for path /error
08:24 17:00:14.447 [http-nio-9999-exec-1] DEBUG o.s.b.a.e.w.s.ControllerEndpointHandlerMapping - Did not find handler method for [/error]
08:24 17:00:14.447 [http-nio-9999-exec-1] DEBUG o.s.w.s.m.m.a.RequestMappingHandlerMapping - Looking up handler method for path /error
08:24 17:00:14.448 [http-nio-9999-exec-1] DEBUG o.s.w.s.m.m.a.RequestMappingHandlerMapping - Returning handler method [public org.springframework.http.ResponseEntity<java.util.Map<java.lang.String, java.lang.Object>> org.springframework.boot.autoconfigure.web.servlet.error.BasicErrorController.error(javax.servlet.http.HttpServletRequest)]
08:24 17:00:14.448 [http-nio-9999-exec-1] DEBUG o.s.b.f.s.DefaultListableBeanFactory - Returning cached instance of singleton bean 'basicErrorController'
08:24 17:00:14.448 [http-nio-9999-exec-1] DEBUG o.s.web.servlet.DispatcherServlet - Last-Modified value for [/error] is: -1
08:24 17:00:14.450 [http-nio-9999-exec-1] DEBUG o.s.w.s.m.m.a.HttpEntityMethodProcessor - Written [{timestamp=Mon Aug 24 17:00:14 CST 2020, status=404, error=Not Found, message=No message available, path=/}] as "application/json" using [org.springframework.http.converter.json.MappingJackson2HttpMessageConverter@38394dee]
08:24 17:00:14.451 [http-nio-9999-exec-1] DEBUG o.s.web.servlet.DispatcherServlet - Null ModelAndView returned to DispatcherServlet with name 'dispatcherServlet': assuming HandlerAdapter completed request handling
08:24 17:00:14.451 [http-nio-9999-exec-1] DEBUG o.s.web.servlet.DispatcherServlet - Successfully completed request
08:24 17:00:14.562 [http-nio-9999-exec-6] DEBUG o.s.b.w.s.f.OrderedRequestContextFilter - Bound request context to thread: org.apache.catalina.connector.RequestFacade@1f1c2af
08:24 17:00:14.562 [http-nio-9999-exec-6] DEBUG s.d.s.w.PropertySourcedRequestMappingHandlerMapping - Looking up handler method for path /csrf
08:24 17:00:14.562 [http-nio-9999-exec-6] DEBUG s.d.s.w.PropertySourcedRequestMappingHandlerMapping - looking up handler for path: /csrf
08:24 17:00:14.562 [http-nio-9999-exec-6] DEBUG s.d.s.w.PropertySourcedRequestMappingHandlerMapping - Did not find handler method for [/csrf]
08:24 17:00:14.562 [http-nio-9999-exec-6] DEBUG o.s.b.a.e.w.s.WebMvcEndpointHandlerMapping - Looking up handler method for path /csrf
08:24 17:00:14.562 [http-nio-9999-exec-6] DEBUG o.s.b.a.e.w.s.WebMvcEndpointHandlerMapping - Did not find handler method for [/csrf]
08:24 17:00:14.563 [http-nio-9999-exec-6] DEBUG o.s.b.a.e.w.s.ControllerEndpointHandlerMapping - Looking up handler method for path /csrf
08:24 17:00:14.563 [http-nio-9999-exec-6] DEBUG o.s.b.a.e.w.s.ControllerEndpointHandlerMapping - Did not find handler method for [/csrf]
08:24 17:00:14.563 [http-nio-9999-exec-6] DEBUG o.s.w.s.m.m.a.RequestMappingHandlerMapping - Looking up handler method for path /csrf
08:24 17:00:14.563 [http-nio-9999-exec-6] DEBUG o.s.w.s.m.m.a.RequestMappingHandlerMapping - Did not find handler method for [/csrf]
08:24 17:00:14.563 [http-nio-9999-exec-6] DEBUG o.s.w.s.h.SimpleUrlHandlerMapping - Matching patterns for request [/csrf] are [/**]
08:24 17:00:14.563 [http-nio-9999-exec-6] DEBUG o.s.w.s.h.SimpleUrlHandlerMapping - URI Template variables for request [/csrf] are {}
08:24 17:00:14.563 [http-nio-9999-exec-6] DEBUG o.s.w.s.h.SimpleUrlHandlerMapping - Mapping [/csrf] to HandlerExecutionChain with handler [ResourceHttpRequestHandler [locations=[class path resource [META-INF/resources/], class path resource [resources/], class path resource [static/], class path resource [public/], ServletContext resource [/]], resolvers=[org.springframework.web.servlet.resource.PathResourceResolver@67ed8b3]]] and 1 interceptor
08:24 17:00:14.563 [http-nio-9999-exec-6] DEBUG o.s.web.servlet.DispatcherServlet - DispatcherServlet with name 'dispatcherServlet' processing GET request for [/csrf]
08:24 17:00:14.563 [http-nio-9999-exec-6] DEBUG s.d.s.w.PropertySourcedRequestMappingHandlerMapping - Looking up handler method for path /csrf
08:24 17:00:14.563 [http-nio-9999-exec-6] DEBUG s.d.s.w.PropertySourcedRequestMappingHandlerMapping - looking up handler for path: /csrf
08:24 17:00:14.564 [http-nio-9999-exec-6] DEBUG s.d.s.w.PropertySourcedRequestMappingHandlerMapping - Did not find handler method for [/csrf]
08:24 17:00:14.564 [http-nio-9999-exec-6] DEBUG o.s.b.a.e.w.s.WebMvcEndpointHandlerMapping - Looking up handler method for path /csrf
08:24 17:00:14.565 [http-nio-9999-exec-6] DEBUG o.s.b.a.e.w.s.WebMvcEndpointHandlerMapping - Did not find handler method for [/csrf]
08:24 17:00:14.566 [http-nio-9999-exec-6] DEBUG o.s.b.a.e.w.s.ControllerEndpointHandlerMapping - Looking up handler method for path /csrf
08:24 17:00:14.566 [http-nio-9999-exec-6] DEBUG o.s.b.a.e.w.s.ControllerEndpointHandlerMapping - Did not find handler method for [/csrf]
08:24 17:00:14.566 [http-nio-9999-exec-6] DEBUG o.s.w.s.m.m.a.RequestMappingHandlerMapping - Looking up handler method for path /csrf
08:24 17:00:14.567 [http-nio-9999-exec-6] DEBUG o.s.w.s.m.m.a.RequestMappingHandlerMapping - Did not find handler method for [/csrf]
08:24 17:00:14.567 [http-nio-9999-exec-6] DEBUG o.s.w.s.h.SimpleUrlHandlerMapping - Matching patterns for request [/csrf] are [/**]
08:24 17:00:14.567 [http-nio-9999-exec-6] DEBUG o.s.w.s.h.SimpleUrlHandlerMapping - URI Template variables for request [/csrf] are {}
08:24 17:00:14.568 [http-nio-9999-exec-6] DEBUG o.s.w.s.h.SimpleUrlHandlerMapping - Mapping [/csrf] to HandlerExecutionChain with handler [ResourceHttpRequestHandler [locations=[class path resource [META-INF/resources/], class path resource [resources/], class path resource [static/], class path resource [public/], ServletContext resource [/]], resolvers=[org.springframework.web.servlet.resource.PathResourceResolver@67ed8b3]]] and 1 interceptor
08:24 17:00:14.568 [http-nio-9999-exec-6] DEBUG o.s.web.servlet.DispatcherServlet - Last-Modified value for [/csrf] is: -1
08:24 17:00:14.570 [http-nio-9999-exec-6] DEBUG o.s.web.servlet.DispatcherServlet - Null ModelAndView returned to DispatcherServlet with name 'dispatcherServlet': assuming HandlerAdapter completed request handling
08:24 17:00:14.570 [http-nio-9999-exec-6] DEBUG o.s.web.servlet.DispatcherServlet - Successfully completed request
08:24 17:00:14.570 [http-nio-9999-exec-6] DEBUG o.s.b.w.s.f.OrderedRequestContextFilter - Cleared thread-bound request context: org.apache.catalina.connector.RequestFacade@1f1c2af
08:24 17:00:14.571 [http-nio-9999-exec-6] DEBUG o.s.web.servlet.DispatcherServlet - DispatcherServlet with name 'dispatcherServlet' processing GET request for [/error]
08:24 17:00:14.571 [http-nio-9999-exec-6] DEBUG s.d.s.w.PropertySourcedRequestMappingHandlerMapping - Looking up handler method for path /error
08:24 17:00:14.571 [http-nio-9999-exec-6] DEBUG s.d.s.w.PropertySourcedRequestMappingHandlerMapping - looking up handler for path: /error
08:24 17:00:14.571 [http-nio-9999-exec-6] DEBUG s.d.s.w.PropertySourcedRequestMappingHandlerMapping - Did not find handler method for [/error]
08:24 17:00:14.571 [http-nio-9999-exec-6] DEBUG o.s.b.a.e.w.s.WebMvcEndpointHandlerMapping - Looking up handler method for path /error
08:24 17:00:14.572 [http-nio-9999-exec-6] DEBUG o.s.b.a.e.w.s.WebMvcEndpointHandlerMapping - Did not find handler method for [/error]
08:24 17:00:14.572 [http-nio-9999-exec-6] DEBUG o.s.b.a.e.w.s.ControllerEndpointHandlerMapping - Looking up handler method for path /error
08:24 17:00:14.572 [http-nio-9999-exec-6] DEBUG o.s.b.a.e.w.s.ControllerEndpointHandlerMapping - Did not find handler method for [/error]
08:24 17:00:14.572 [http-nio-9999-exec-6] DEBUG o.s.w.s.m.m.a.RequestMappingHandlerMapping - Looking up handler method for path /error
08:24 17:00:14.572 [http-nio-9999-exec-6] DEBUG o.s.w.s.m.m.a.RequestMappingHandlerMapping - Returning handler method [public org.springframework.http.ResponseEntity<java.util.Map<java.lang.String, java.lang.Object>> org.springframework.boot.autoconfigure.web.servlet.error.BasicErrorController.error(javax.servlet.http.HttpServletRequest)]
08:24 17:00:14.572 [http-nio-9999-exec-6] DEBUG o.s.b.f.s.DefaultListableBeanFactory - Returning cached instance of singleton bean 'basicErrorController'
08:24 17:00:14.572 [http-nio-9999-exec-6] DEBUG o.s.web.servlet.DispatcherServlet - Last-Modified value for [/error] is: -1
08:24 17:00:14.574 [http-nio-9999-exec-6] DEBUG o.s.w.s.m.m.a.HttpEntityMethodProcessor - Written [{timestamp=Mon Aug 24 17:00:14 CST 2020, status=404, error=Not Found, message=No message available, path=/csrf}] as "application/json" using [org.springframework.http.converter.json.MappingJackson2HttpMessageConverter@38394dee]
08:24 17:00:14.575 [http-nio-9999-exec-6] DEBUG o.s.web.servlet.DispatcherServlet - Null ModelAndView returned to DispatcherServlet with name 'dispatcherServlet': assuming HandlerAdapter completed request handling
08:24 17:00:14.577 [http-nio-9999-exec-6] DEBUG o.s.web.servlet.DispatcherServlet - Successfully completed request
